{"level":"error","message":"Error: failed miserably failed miserably","stack":"Error: failed miserably\n    at Object.<anonymous> (C:\\Users\\Lorenzo\\Desktop\\vidly\\index.js:29:26)\n    at Module._compile (node:internal/modules/cjs/loader:1101:14)\n    at Object.Module._extensions..js (node:internal/modules/cjs/loader:1153:10)\n    at Module.load (node:internal/modules/cjs/loader:981:32)\n    at Function.Module._load (node:internal/modules/cjs/loader:822:12)\n    at Function.executeUserEntryPoint [as runMain] (node:internal/modules/run_main:81:12)\n    at node:internal/main/run_main_module:17:47"}
{"level":"info","message":"Connected to mongoDB"}
{"level":"info","message":"Connected to mongoDB"}
{"level":"info","message":"Connected to mongoDB"}
{"level":"info","message":"Connected to mongoDB"}
{"level":"error","message":"ReferenceError: mongoLog is not defined mongoLog is not defined","stack":"ReferenceError: mongoLog is not defined\n    at C:\\Users\\Lorenzo\\Desktop\\vidly\\startup\\db.js:19:24\n    at processTicksAndRejections (node:internal/process/task_queues:96:5)"}
{"level":"info","message":"Listening on port 3000"}
{"level":"info","message":"Listening on port 3000"}
{"level":"error","message":"Could not find the generes Could not find the generes","stack":"Error: Could not find the generes\n    at C:\\Users\\Lorenzo\\Desktop\\vidly\\routes\\genres.js:11:8\n    at newFn (C:\\Users\\Lorenzo\\Desktop\\vidly\\node_modules\\express-async-errors\\index.js:16:20)\n    at Layer.handle [as handle_request] (C:\\Users\\Lorenzo\\Desktop\\vidly\\node_modules\\express\\lib\\router\\layer.js:95:5)\n    at next (C:\\Users\\Lorenzo\\Desktop\\vidly\\node_modules\\express\\lib\\router\\route.js:137:13)\n    at Route.dispatch (C:\\Users\\Lorenzo\\Desktop\\vidly\\node_modules\\express\\lib\\router\\route.js:112:3)\n    at newFn (C:\\Users\\Lorenzo\\Desktop\\vidly\\node_modules\\express-async-errors\\index.js:16:20)\n    at Layer.handle [as handle_request] (C:\\Users\\Lorenzo\\Desktop\\vidly\\node_modules\\express\\lib\\router\\layer.js:95:5)\n    at C:\\Users\\Lorenzo\\Desktop\\vidly\\node_modules\\express\\lib\\router\\index.js:281:22\n    at Function.process_params (C:\\Users\\Lorenzo\\Desktop\\vidly\\node_modules\\express\\lib\\router\\index.js:341:12)\n    at next (C:\\Users\\Lorenzo\\Desktop\\vidly\\node_modules\\express\\lib\\router\\index.js:275:10)"}
{"level":"info","message":"Listening on port 3000"}
{"level":"info","message":"Listening on port 3000"}
{"level":"info","message":"Listening on port 3000"}
{"level":"info","message":"Listening on port 3000"}
{"level":"info","message":"Listening on port 3000"}
{"level":"info","message":"Listening on port 3000"}
{"level":"info","message":"Listening on port 3000"}
{"level":"info","message":"Listening on port 3000"}
{"level":"info","message":"Listening on port 3000"}
{"level":"info","message":"Listening on port 3000"}
{"level":"info","message":"Listening on port 3000"}
{"level":"info","message":"Listening on port 3000"}
{"level":"info","message":"Listening on port 3000"}
{"level":"info","message":"Listening on port 3000"}
{"level":"info","message":"Listening on port 3000"}
{"level":"info","message":"Listening on port 3000"}
{"level":"info","message":"Listening on port 3000"}
{"level":"info","message":"Listening on port 3000"}
{"level":"info","message":"Listening on port 3000"}
{"level":"info","message":"Listening on port 3000"}
{"level":"info","message":"Listening on port 3000"}
{"level":"info","message":"Listening on port 3000"}
{"level":"info","message":"Listening on port 3000"}
{"level":"info","message":"Listening on port 3000"}
{"level":"info","message":"Listening on port 3000"}
{"level":"info","message":"Listening on port 3000"}
{"level":"info","message":"Listening on port 3000"}
{"level":"info","message":"Listening on port 3000"}
{"level":"info","message":"Listening on port 3000"}
{"level":"info","message":"Listening on port 3000"}
{"level":"info","message":"Listening on port 3000"}
{"level":"info","message":"Listening on port 3000"}
{"level":"info","message":"Listening on port 3000"}
{"level":"info","message":"Listening on port 3000"}
{"level":"info","message":"Listening on port 3000"}
{"level":"info","message":"Listening on port 3000"}
{"level":"info","message":"Listening on port 3000"}
{"level":"info","message":"Listening on port 3000"}
{"level":"info","message":"Listening on port 3000"}
{"level":"info","message":"Listening on port 3000"}
{"level":"info","message":"Listening on port 3000"}
{"level":"info","message":"Listening on port 3000"}
{"level":"info","message":"Listening on port 3000"}
{"level":"info","message":"Listening on port 3000"}
{"level":"info","message":"Listening on port 3000"}
{"level":"info","message":"Listening on port 3000"}
{"level":"info","message":"Listening on port 3000"}
{"level":"info","message":"Listening on port 3000"}
{"level":"info","message":"Listening on port 3000"}
{"level":"info","message":"Listening on port 3000"}
{"level":"info","message":"Listening on port 3000"}
{"level":"info","message":"Listening on port 3000"}
{"level":"info","message":"Listening on port 3000"}
{"level":"info","message":"Listening on port 3000"}
{"level":"info","message":"Listening on port 3000"}
{"level":"info","message":"Listening on port 3000"}
{"level":"info","message":"Listening on port 3000"}
{"level":"info","message":"Listening on port 3000"}
{"level":"info","message":"Listening on port 3000"}
{"level":"info","message":"Listening on port 3000"}
{"level":"info","message":"Listening on port 3000"}
{"level":"info","message":"Listening on port 3000"}
{"level":"info","message":"Listening on port 3000"}
{"level":"info","message":"Listening on port 3000"}
{"level":"info","message":"Listening on port 3000"}
{"level":"info","message":"Listening on port 3000"}
{"level":"info","message":"Listening on port 0"}
{"level":"info","message":"Listening on port 0"}
{"level":"info","message":"Listening on port 0"}
{"level":"info","message":"Listening on port 0"}
{"level":"info","message":"Listening on port 0"}
{"level":"info","message":"Listening on port 0"}
{"level":"info","message":"Listening on port 0"}
{"level":"info","message":"Listening on port 0"}
{"level":"info","message":"Listening on port 0"}
{"level":"info","message":"Listening on port 0"}
{"level":"info","message":"Listening on port 0"}
{"level":"info","message":"Listening on port 0"}
{"level":"info","message":"Listening on port 0"}
{"level":"info","message":"Listening on port 0"}
{"level":"info","message":"Listening on port 0"}
{"level":"info","message":"Listening on port 0"}
{"level":"info","message":"Listening on port 0"}
{"level":"info","message":"Listening on port 0"}
{"level":"info","message":"Listening on port 0"}
{"level":"info","message":"Listening on port 0"}
{"level":"info","message":"Listening on port 0"}
{"level":"info","message":"Listening on port 0"}
{"level":"info","message":"Listening on port 0"}
{"level":"info","message":"Listening on port 0"}
{"level":"info","message":"Listening on port 0"}
{"level":"info","message":"Listening on port 0"}
{"level":"info","message":"Listening on port 0"}
{"level":"info","message":"Listening on port 0"}
{"level":"info","message":"Listening on port 0"}
{"level":"info","message":"Listening on port 0"}
{"level":"info","message":"Listening on port 0"}
{"level":"info","message":"Listening on port 0"}
{"level":"info","message":"Listening on port 3000"}
{"level":"info","message":"Listening on port 3000"}
{"level":"info","message":"Listening on port 3000"}
{"level":"info","message":"Listening on port 3000"}
{"level":"info","message":"Listening on port 3000"}
{"level":"info","message":"Listening on port 3000"}
{"level":"info","message":"Listening on port 3000"}
{"level":"info","message":"Listening on port 3000"}
{"level":"info","message":"Listening on port 3000"}
{"level":"info","message":"Listening on port 0"}
{"level":"info","message":"Listening on port 0"}
{"level":"info","message":"Listening on port 0"}
{"level":"info","message":"Listening on port 0"}
{"level":"info","message":"Listening on port 0"}
{"level":"info","message":"Listening on port 0"}
{"level":"info","message":"Listening on port 0"}
{"level":"info","message":"Listening on port 0"}
{"level":"info","message":"Listening on port 0"}
{"level":"info","message":"Listening on port 0"}
{"level":"info","message":"Listening on port 0"}
{"level":"info","message":"Listening on port 0"}
{"level":"info","message":"Listening on port 0"}
{"level":"info","message":"Listening on port 0"}
{"level":"info","message":"Listening on port 0"}
{"level":"info","message":"Listening on port 0"}
{"level":"info","message":"Listening on port 0"}
{"level":"info","message":"Listening on port 0"}
{"level":"info","message":"Listening on port 0"}
{"level":"info","message":"Listening on port 0"}
{"level":"info","message":"Listening on port 0"}
{"level":"info","message":"Listening on port 0"}
{"level":"info","message":"Listening on port 0"}
{"level":"info","message":"Listening on port 0"}
{"level":"info","message":"Listening on port 0"}
{"level":"info","message":"Listening on port 0"}
{"level":"info","message":"Listening on port 0"}
